#These are the additional packages that are not present in Slackware itself.
#Slackware's own packages have to be rsync'ed to $HOME/Desktop/slackmirror:
#rsync -aPSH --delete --exclude "*-iso/" --exclude "source" rsync://mirrors.kernel.org/slackware/slackware64-current .

#ffmpeg from AlienBOB - http://www.slackware.com/~alien/slackbuilds/ffmpeg/
ffmpeg

#cinelerra-cv - TODO: add repo on website
cinelerra
faac
faad2
imlib2
lame
libavc1394
libdv
libiec61883
libmp4v2
libquicktime
mjpegtools
opencv-legacy
x264

#tragtor - http://mein-neues-blog.de/tragtor-gui-for-ffmpeg/
tragtor

#This enables dynamic resolution and clipboard functionality in VirtualBox
virtualbox-addons
virtualbox-kernel-addons

#user wishlist
#ffDiaporama -> http://ffdiaporama.tuxfamily.org/
#vapoursynth -> http://www.vapoursynth.com/ + QTGMC